<?xml version="1.0" encoding="UTF-8"?>
<!-- Generated by org.testng.reporters.JUnitXMLReporter -->
<testsuite hostname="PUN-WKS-AC422" ignored="0" tests="9" failures="0" timestamp="18 Jan 2018 07:33:17 GMT" time="0.047" errors="0">
  <testcase name="test1" time="0.005" classname="TestNG"/>
  <testcase name="test2" time="0.0" classname="TestNG"/>
  <testcase name="test3" time="0.0" classname="TestNG"/>
  <testcase name="test4" time="0.001" classname="TestNG1"/>
  <testcase name="test5" time="0.001" classname="TestNG1"/>
  <testcase name="test6" time="0.001" classname="TestNG1"/>
  <testcase name="tc7" time="0.001" classname="TestNG3"/>
  <testcase name="tc8" time="0.001" classname="TestNG3"/>
  <testcase name="tc9" time="0.001" classname="TestNG3"/>
</testsuite>
