<?xml version="1.0" encoding="UTF-8"?>
<testng-results skipped="0" failed="0" total="1" passed="1">
  <reporter-output>
  </reporter-output>
  <suite name="Default suite" duration-ms="19086" started-at="2019-06-14T08:18:26Z" finished-at="2019-06-14T08:18:45Z">
    <groups>
    </groups>
    <test name="Default test" duration-ms="19086" started-at="2019-06-14T08:18:26Z" finished-at="2019-06-14T08:18:45Z">
      <class name="infosys.ColorVerify">
        <test-method status="PASS" signature="startUp()[pri:0, instance:infosys.ColorVerify@548a9f61]" name="startUp" is-config="true" duration-ms="18355" started-at="2019-06-14T13:48:26Z" finished-at="2019-06-14T13:48:44Z">
          <reporter-output>
          </reporter-output>
        </test-method> <!-- startUp -->
        <test-method status="PASS" signature="verifyColor()[pri:0, instance:infosys.ColorVerify@548a9f61]" name="verifyColor" duration-ms="80" started-at="2019-06-14T13:48:44Z" finished-at="2019-06-14T13:48:44Z">
          <reporter-output>
          </reporter-output>
        </test-method> <!-- verifyColor -->
        <test-method status="PASS" signature="tearDown()[pri:0, instance:infosys.ColorVerify@548a9f61]" name="tearDown" is-config="true" duration-ms="635" started-at="2019-06-14T13:48:44Z" finished-at="2019-06-14T13:48:45Z">
          <reporter-output>
          </reporter-output>
        </test-method> <!-- tearDown -->
      </class> <!-- infosys.ColorVerify -->
    </test> <!-- Default test -->
  </suite> <!-- Default suite -->
</testng-results>
