<?xml version="1.0" encoding="UTF-8"?>
<!-- Generated by org.testng.reporters.JUnitXMLReporter -->
<testsuite hostname="PUN-WKS-AC422" name="Default test" tests="3" failures="0" timestamp="6 Jun 2019 11:42:47 GMT" time="37.776" errors="0">
  <testcase name="getAllData" time="2.398" classname="dynamicWebTable.WebTableHandle"/>
  <testcase name="getMaxPrice" time="0.986" classname="dynamicWebTable.WebTableHandle"/>
  <testcase name="specificCellData" time="0.03" classname="dynamicWebTable.WebTableHandle"/>
</testsuite> <!-- Default test -->
